<?xml version="1.0" encoding="UTF-8"?>
<!-- Generated by org.testng.reporters.JUnitReportReporter -->
<testsuite hostname="DESKTOP-PCH3F9Q" failures="0" tests="1" name="com.demo.mavenone.Selenium4Test" time="27.725" errors="0" timestamp="2023-01-03T08:32:25 IST" skipped="0">
  <testcase classname="com.demo.mavenone.Selenium4Test" name="login" time="27.725"/>
  <system-out/>
</testsuite> <!-- com.demo.mavenone.Selenium4Test -->
